Determining if the pthread_create exist failed with the following output:
Change Dir: /home/prejudice/learning_slam/src/Ch6/g2oCurveFitting/build/CMakeFiles/CMakeTmp

Run Build Command:"/usr/bin/make" "cmTC_922ac/fast"
/usr/bin/make -f CMakeFiles/cmTC_922ac.dir/build.make CMakeFiles/cmTC_922ac.dir/build
make[1]: 进入目录“/home/prejudice/learning_slam/src/Ch6/g2oCurveFitting/build/CMakeFiles/CMakeTmp”
Building C object CMakeFiles/cmTC_922ac.dir/CheckSymbolExists.c.o
/usr/bin/cc    -o CMakeFiles/cmTC_922ac.dir/CheckSymbolExists.c.o   -c /home/prejudice/learning_slam/src/Ch6/g2oCurveFitting/build/CMakeFiles/CMakeTmp/CheckSymbolExists.c
Linking C executable cmTC_922ac
/usr/bin/cmake -E cmake_link_script CMakeFiles/cmTC_922ac.dir/link.txt --verbose=1
/usr/bin/cc      -rdynamic CMakeFiles/cmTC_922ac.dir/CheckSymbolExists.c.o  -o cmTC_922ac 
CMakeFiles/cmTC_922ac.dir/CheckSymbolExists.c.o：在函数‘main’中：
CheckSymbolExists.c:(.text+0x1b)：对‘pthread_create’未定义的引用
collect2: error: ld returned 1 exit status
CMakeFiles/cmTC_922ac.dir/build.make:97: recipe for target 'cmTC_922ac' failed
make[1]: *** [cmTC_922ac] Error 1
make[1]: 离开目录“/home/prejudice/learning_slam/src/Ch6/g2oCurveFitting/build/CMakeFiles/CMakeTmp”
Makefile:126: recipe for target 'cmTC_922ac/fast' failed
make: *** [cmTC_922ac/fast] Error 2

File /home/prejudice/learning_slam/src/Ch6/g2oCurveFitting/build/CMakeFiles/CMakeTmp/CheckSymbolExists.c:
/* */
#include <pthread.h>

int main(int argc, char** argv)
{
  (void)argv;
#ifndef pthread_create
  return ((int*)(&pthread_create))[argc];
#else
  (void)argc;
  return 0;
#endif
}

Determining if the function pthread_create exists in the pthreads failed with the following output:
Change Dir: /home/prejudice/learning_slam/src/Ch6/g2oCurveFitting/build/CMakeFiles/CMakeTmp

Run Build Command:"/usr/bin/make" "cmTC_de76f/fast"
/usr/bin/make -f CMakeFiles/cmTC_de76f.dir/build.make CMakeFiles/cmTC_de76f.dir/build
make[1]: 进入目录“/home/prejudice/learning_slam/src/Ch6/g2oCurveFitting/build/CMakeFiles/CMakeTmp”
Building C object CMakeFiles/cmTC_de76f.dir/CheckFunctionExists.c.o
/usr/bin/cc   -DCHECK_FUNCTION_EXISTS=pthread_create   -o CMakeFiles/cmTC_de76f.dir/CheckFunctionExists.c.o   -c /usr/share/cmake-3.10/Modules/CheckFunctionExists.c
Linking C executable cmTC_de76f
/usr/bin/cmake -E cmake_link_script CMakeFiles/cmTC_de76f.dir/link.txt --verbose=1
/usr/bin/cc  -DCHECK_FUNCTION_EXISTS=pthread_create    -rdynamic CMakeFiles/cmTC_de76f.dir/CheckFunctionExists.c.o  -o cmTC_de76f -lpthreads 
/usr/bin/ld: 找不到 -lpthreads
collect2: error: ld returned 1 exit status
CMakeFiles/cmTC_de76f.dir/build.make:97: recipe for target 'cmTC_de76f' failed
make[1]: *** [cmTC_de76f] Error 1
make[1]: 离开目录“/home/prejudice/learning_slam/src/Ch6/g2oCurveFitting/build/CMakeFiles/CMakeTmp”
Makefile:126: recipe for target 'cmTC_de76f/fast' failed
make: *** [cmTC_de76f/fast] Error 2


